<?xml version="1.0" encoding="UTF-8"?>
<!-- Generated by org.testng.reporters.JUnitReportReporter -->
<testsuite hostname="Rayhans-Air" failures="0" tests="1" name="Example" time="1.879" errors="0" timestamp="2023-09-10T02:37:58 EDT" skipped="0">
  <testcase classname="Example" name="name" time="1.879"/>
  <system-out/>
</testsuite> <!-- Example -->
