<?xml version="1.0" encoding="UTF-8"?>
<!-- Generated by org.testng.reporters.JUnitReportReporter -->
<testsuite hostname="Rayhans-Air" failures="0" tests="1" name="com.formy.tests.Autocomplete_Regression" time="2.571" errors="0" timestamp="2023-09-10T02:42:20 EDT" skipped="0">
  <testcase classname="com.formy.tests.Autocomplete_Regression" name="VerifyAutoCompleteForm" time="2.571"/>
  <system-out/>
</testsuite> <!-- com.formy.tests.Autocomplete_Regression -->
