<?xml version="1.0" encoding="UTF-8"?>
<!-- Generated by org.testng.reporters.JUnitReportReporter -->
<testsuite hostname="Rayhans-Air" failures="0" tests="1" name="com.formy.tests.CheckBox_Regression_Test" time="2.325" errors="0" timestamp="2023-09-10T02:45:41 EDT" skipped="0">
  <testcase classname="com.formy.tests.CheckBox_Regression_Test" name="VerifyCheckBox" time="2.325"/>
  <system-out/>
</testsuite> <!-- com.formy.tests.CheckBox_Regression_Test -->
